[debug] [2021-06-13T08:24:13.772Z] ----------------------------------------------------------------------
[debug] [2021-06-13T08:24:13.773Z] Command:       C:\Program Files\nodejs\node.exe C:\Users\win 10\AppData\Roaming\npm\node_modules\firebase-tools\lib\bin\firebase.js init
[debug] [2021-06-13T08:24:13.774Z] CLI Version:   9.12.1
[debug] [2021-06-13T08:24:13.774Z] Platform:      win32
[debug] [2021-06-13T08:24:13.774Z] Node Version:  v14.15.1
[debug] [2021-06-13T08:24:13.774Z] Time:          Sun Jun 13 2021 10:24:13 GMT+0200 (Eastern European Standard Time)
[debug] [2021-06-13T08:24:13.775Z] ----------------------------------------------------------------------
[debug] 
[debug] [2021-06-13T08:24:13.780Z] > command requires scopes: ["email","openid","https://www.googleapis.com/auth/cloudplatformprojects.readonly","https://www.googleapis.com/auth/firebase","https://www.googleapis.com/auth/cloud-platform"]
[debug] [2021-06-13T08:24:13.780Z] > authorizing via signed-in user (omarkhairy942@gmail.com)
[info] 
     ######## #### ########  ######## ########     ###     ######  ########
     ##        ##  ##     ## ##       ##     ##  ##   ##  ##       ##
     ######    ##  ########  ######   ########  #########  ######  ######
     ##        ##  ##    ##  ##       ##     ## ##     ##       ## ##
     ##       #### ##     ## ######## ########  ##     ##  ######  ########

You're about to initialize a Firebase project in this directory:

  C:\Users\win 10\netflix-clone

Before we get started, keep in mind:

  * You are initializing in an existing Firebase project directory

